<?xml version="1.0" encoding="UTF-8"?>
<!-- Generated by org.testng.reporters.JUnitReportReporter -->
<testsuite hostname="Rishabh" failures="0" tests="1" name="rahulshettyacademy.ExtendReports.ExtentReportsDemo" time="7.214" errors="0" timestamp="2023-07-17T15:26:14 IST" skipped="0">
  <testcase classname="rahulshettyacademy.ExtendReports.ExtentReportsDemo" name="initialDemo" time="7.214"/>
  <system-out/>
</testsuite> <!-- rahulshettyacademy.ExtendReports.ExtentReportsDemo -->
